This is pdfTeX, Version 3.1415926-2.4-1.40.13 (MiKTeX 2.9 64-bit) (preloaded format=pdflatex 2013.9.1)  10 DEC 2013 21:30
entering extended mode
**UserManual.tex

("C:\Users\Kitsune\Documents\GitHub\CS5103-SMS\Documents\UserGuide\User Manual\
UserManual.tex"
LaTeX2e <2011/06/27>
Babel <v3.8m> and hyphenation patterns for english, afrikaans, ancientgreek, ar
abic, armenian, assamese, basque, bengali, bokmal, bulgarian, catalan, coptic, 
croatian, czech, danish, dutch, esperanto, estonian, farsi, finnish, french, ga
lician, german, german-x-2012-05-30, greek, gujarati, hindi, hungarian, iceland
ic, indonesian, interlingua, irish, italian, kannada, kurmanji, latin, latvian,
 lithuanian, malayalam, marathi, mongolian, mongolianlmc, monogreek, ngerman, n
german-x-2012-05-30, nynorsk, oriya, panjabi, pinyin, polish, portuguese, roman
ian, russian, sanskrit, serbian, slovak, slovenian, spanish, swedish, swissgerm
an, tamil, telugu, turkish, turkmen, ukenglish, ukrainian, uppersorbian, usengl
ishmax, welsh, loaded.
("C:\Program Files\MiKTeX 2.9\tex\latex\base\article.cls"
Document Class: article 2007/10/19 v1.4h Standard LaTeX document class
("C:\Program Files\MiKTeX 2.9\tex\latex\base\size10.clo"
File: size10.clo 2007/10/19 v1.4h Standard LaTeX file (size option)
)
\c@part=\count79
\c@section=\count80
\c@subsection=\count81
\c@subsubsection=\count82
\c@paragraph=\count83
\c@subparagraph=\count84
\c@figure=\count85
\c@table=\count86
\abovecaptionskip=\skip41
\belowcaptionskip=\skip42
\bibindent=\dimen102
)
("C:\Program Files\MiKTeX 2.9\tex\latex\graphics\graphicx.sty"
Package: graphicx 1999/02/16 v1.0f Enhanced LaTeX Graphics (DPC,SPQR)

("C:\Program Files\MiKTeX 2.9\tex\latex\graphics\keyval.sty"
Package: keyval 1999/03/16 v1.13 key=value parser (DPC)
\KV@toks@=\toks14
)
("C:\Program Files\MiKTeX 2.9\tex\latex\graphics\graphics.sty"
Package: graphics 2009/02/05 v1.0o Standard LaTeX Graphics (DPC,SPQR)

("C:\Program Files\MiKTeX 2.9\tex\latex\graphics\trig.sty"
Package: trig 1999/03/16 v1.09 sin cos tan (DPC)
)
("C:\Program Files\MiKTeX 2.9\tex\latex\00miktex\graphics.cfg"
File: graphics.cfg 2007/01/18 v1.5 graphics configuration of teTeX/TeXLive
)
Package graphics Info: Driver file: pdftex.def on input line 91.

("C:\Program Files\MiKTeX 2.9\tex\latex\pdftex-def\pdftex.def"
File: pdftex.def 2011/05/27 v0.06d Graphics/color for pdfTeX

("C:\Program Files\MiKTeX 2.9\tex\generic\oberdiek\infwarerr.sty"
Package: infwarerr 2010/04/08 v1.3 Providing info/warning/error messages (HO)
)
("C:\Program Files\MiKTeX 2.9\tex\generic\oberdiek\ltxcmds.sty"
Package: ltxcmds 2011/11/09 v1.22 LaTeX kernel commands for general use (HO)
)
\Gread@gobject=\count87
))
\Gin@req@height=\dimen103
\Gin@req@width=\dimen104
)
("C:\Program Files\MiKTeX 2.9\tex\latex\caption\caption.sty"
Package: caption 2013/05/02 v3.3-89 Customizing captions (AR)

("C:\Program Files\MiKTeX 2.9\tex\latex\caption\caption3.sty"
Package: caption3 2013/05/02 v1.6-88 caption3 kernel (AR)
Package caption3 Info: TeX engine: e-TeX on input line 57.
\captionmargin=\dimen105
\captionmargin@=\dimen106
\captionwidth=\dimen107
\caption@tempdima=\dimen108
\caption@indent=\dimen109
\caption@parindent=\dimen110
\caption@hangindent=\dimen111
)
\c@ContinuedFloat=\count88
)
("C:\Program Files\MiKTeX 2.9\tex\latex\caption\subcaption.sty"
Package: subcaption 2013/02/03 v1.1-62 Sub-captions (AR)
\c@subfigure=\count89
\c@subtable=\count90
)
("C:\Program Files\MiKTeX 2.9\tex\latex\hyperref\hyperref.sty"
Package: hyperref 2012/11/06 v6.83m Hypertext links for LaTeX

("C:\Program Files\MiKTeX 2.9\tex\generic\oberdiek\hobsub-hyperref.sty"
Package: hobsub-hyperref 2012/04/25 v1.12 Bundle oberdiek, subset hyperref (HO)


("C:\Program Files\MiKTeX 2.9\tex\generic\oberdiek\hobsub-generic.sty"
Package: hobsub-generic 2012/04/25 v1.12 Bundle oberdiek, subset generic (HO)
Package: hobsub 2012/04/25 v1.12 Construct package bundles (HO)
Package hobsub Info: Skipping package `infwarerr' (already loaded).
Package hobsub Info: Skipping package `ltxcmds' (already loaded).
Package: ifluatex 2010/03/01 v1.3 Provides the ifluatex switch (HO)
Package ifluatex Info: LuaTeX not detected.
Package: ifvtex 2010/03/01 v1.5 Detect VTeX and its facilities (HO)
Package ifvtex Info: VTeX not detected.
Package: intcalc 2007/09/27 v1.1 Expandable calculations with integers (HO)
Package: ifpdf 2011/01/30 v2.3 Provides the ifpdf switch (HO)
Package ifpdf Info: pdfTeX in PDF mode is detected.
Package: etexcmds 2011/02/16 v1.5 Avoid name clashes with e-TeX commands (HO)
Package etexcmds Info: Could not find \expanded.
(etexcmds)             That can mean that you are not using pdfTeX 1.50 or
(etexcmds)             that some package has redefined \expanded.
(etexcmds)             In the latter case, load this package earlier.
Package: kvsetkeys 2012/04/25 v1.16 Key value parser (HO)
Package: kvdefinekeys 2011/04/07 v1.3 Define keys (HO)
Package: pdftexcmds 2011/11/29 v0.20 Utility functions of pdfTeX for LuaTeX (HO
)
Package pdftexcmds Info: LuaTeX not detected.
Package pdftexcmds Info: \pdf@primitive is available.
Package pdftexcmds Info: \pdf@ifprimitive is available.
Package pdftexcmds Info: \pdfdraftmode found.
Package: pdfescape 2011/11/25 v1.13 Implements pdfTeX's escape features (HO)
Package: bigintcalc 2012/04/08 v1.3 Expandable calculations on big integers (HO
)
Package: bitset 2011/01/30 v1.1 Handle bit-vector datatype (HO)
Package: uniquecounter 2011/01/30 v1.2 Provide unlimited unique counter (HO)
)
Package hobsub Info: Skipping package `hobsub' (already loaded).
Package: letltxmacro 2010/09/02 v1.4 Let assignment for LaTeX macros (HO)
Package: hopatch 2011/06/24 v1.1 Wrapper for package hooks (HO)
Package: xcolor-patch 2011/01/30 xcolor patch
Package: atveryend 2011/06/30 v1.8 Hooks at the very end of document (HO)
Package atveryend Info: \enddocument detected (standard20110627).
Package: atbegshi 2011/10/05 v1.16 At begin shipout hook (HO)
Package: refcount 2011/10/16 v3.4 Data extraction from label references (HO)
Package: hycolor 2011/01/30 v1.7 Color options for hyperref/bookmark (HO)
)
("C:\Program Files\MiKTeX 2.9\tex\generic\ifxetex\ifxetex.sty"
Package: ifxetex 2010/09/12 v0.6 Provides ifxetex conditional
)
("C:\Program Files\MiKTeX 2.9\tex\latex\oberdiek\auxhook.sty"
Package: auxhook 2011/03/04 v1.3 Hooks for auxiliary files (HO)
)
("C:\Program Files\MiKTeX 2.9\tex\latex\oberdiek\kvoptions.sty"
Package: kvoptions 2011/06/30 v3.11 Key value format for package options (HO)
)
\@linkdim=\dimen112
\Hy@linkcounter=\count91
\Hy@pagecounter=\count92

("C:\Program Files\MiKTeX 2.9\tex\latex\hyperref\pd1enc.def"
File: pd1enc.def 2012/11/06 v6.83m Hyperref: PDFDocEncoding definition (HO)
)
\Hy@SavedSpaceFactor=\count93

("C:\Program Files\MiKTeX 2.9\tex\latex\00miktex\hyperref.cfg"
File: hyperref.cfg 2002/06/06 v1.2 hyperref configuration of TeXLive
)
Package hyperref Info: Hyper figures OFF on input line 4443.
Package hyperref Info: Link nesting OFF on input line 4448.
Package hyperref Info: Hyper index ON on input line 4451.
Package hyperref Info: Plain pages OFF on input line 4458.
Package hyperref Info: Backreferencing OFF on input line 4463.
Package hyperref Info: Implicit mode ON; LaTeX internals redefined.
Package hyperref Info: Bookmarks ON on input line 4688.
\c@Hy@tempcnt=\count94

("C:\Program Files\MiKTeX 2.9\tex\latex\ltxmisc\url.sty"
\Urlmuskip=\muskip10
Package: url 2006/04/12  ver 3.3  Verb mode for urls, etc.
)
LaTeX Info: Redefining \url on input line 5041.
\XeTeXLinkMargin=\dimen113
\Fld@menulength=\count95
\Field@Width=\dimen114
\Fld@charsize=\dimen115
Package hyperref Info: Hyper figures OFF on input line 6295.
Package hyperref Info: Link nesting OFF on input line 6300.
Package hyperref Info: Hyper index ON on input line 6303.
Package hyperref Info: backreferencing OFF on input line 6310.
Package hyperref Info: Link coloring OFF on input line 6315.
Package hyperref Info: Link coloring with OCG OFF on input line 6320.
Package hyperref Info: PDF/A mode OFF on input line 6325.
LaTeX Info: Redefining \ref on input line 6365.
LaTeX Info: Redefining \pageref on input line 6369.
\Hy@abspage=\count96
\c@Item=\count97
\c@Hfootnote=\count98
)

Package hyperref Message: Driver (autodetected): hpdftex.

("C:\Program Files\MiKTeX 2.9\tex\latex\hyperref\hpdftex.def"
File: hpdftex.def 2012/11/06 v6.83m Hyperref driver for pdfTeX
\Fld@listcount=\count99
\c@bookmark@seq@number=\count100

("C:\Program Files\MiKTeX 2.9\tex\latex\oberdiek\rerunfilecheck.sty"
Package: rerunfilecheck 2011/04/15 v1.7 Rerun checks for auxiliary files (HO)
Package uniquecounter Info: New unique counter `rerunfilecheck' on input line 2
82.
)
\Hy@SectionHShift=\skip43
)
("C:\Users\Kitsune\Documents\GitHub\CS5103-SMS\Documents\UserGuide\User Manual\
UserManual.aux")
LaTeX Font Info:    Checking defaults for OML/cmm/m/it on input line 7.
LaTeX Font Info:    ... okay on input line 7.
LaTeX Font Info:    Checking defaults for T1/cmr/m/n on input line 7.
LaTeX Font Info:    ... okay on input line 7.
LaTeX Font Info:    Checking defaults for OT1/cmr/m/n on input line 7.
LaTeX Font Info:    ... okay on input line 7.
LaTeX Font Info:    Checking defaults for OMS/cmsy/m/n on input line 7.
LaTeX Font Info:    ... okay on input line 7.
LaTeX Font Info:    Checking defaults for OMX/cmex/m/n on input line 7.
LaTeX Font Info:    ... okay on input line 7.
LaTeX Font Info:    Checking defaults for U/cmr/m/n on input line 7.
LaTeX Font Info:    ... okay on input line 7.
LaTeX Font Info:    Checking defaults for PD1/pdf/m/n on input line 7.
LaTeX Font Info:    ... okay on input line 7.
 ("C:\Program Files\MiKTeX 2.9\tex\context\base\supp-pdf.mkii"
[Loading MPS to PDF converter (version 2006.09.02).]
\scratchcounter=\count101
\scratchdimen=\dimen116
\scratchbox=\box26
\nofMPsegments=\count102
\nofMParguments=\count103
\everyMPshowfont=\toks15
\MPscratchCnt=\count104
\MPscratchDim=\dimen117
\MPnumerator=\count105
\makeMPintoPDFobject=\count106
\everyMPtoPDFconversion=\toks16
)
Package caption Info: Begin \AtBeginDocument code.
Package caption Info: hyperref package is loaded.
Package caption Info: End \AtBeginDocument code.
\AtBeginShipoutBox=\box27
Package hyperref Info: Link coloring OFF on input line 7.
 ("C:\Program Files\MiKTeX 2.9\tex\latex\hyperref\nameref.sty"
Package: nameref 2012/10/27 v2.43 Cross-referencing by name of section

("C:\Program Files\MiKTeX 2.9\tex\generic\oberdiek\gettitlestring.sty"
Package: gettitlestring 2010/12/03 v1.4 Cleanup title references (HO)
)
\c@section@level=\count107
)
LaTeX Info: Redefining \ref on input line 7.
LaTeX Info: Redefining \pageref on input line 7.
LaTeX Info: Redefining \nameref on input line 7.

("C:\Users\Kitsune\Documents\GitHub\CS5103-SMS\Documents\UserGuide\User Manual\
UserManual.out")
("C:\Users\Kitsune\Documents\GitHub\CS5103-SMS\Documents\UserGuide\User Manual\
UserManual.out")
\@outlinefile=\write3
LaTeX Font Info:    External font `cmex10' loaded for size
(Font)              <12> on input line 10.
LaTeX Font Info:    External font `cmex10' loaded for size
(Font)              <8> on input line 10.
LaTeX Font Info:    External font `cmex10' loaded for size
(Font)              <6> on input line 10.


LaTeX Warning: No \author given.


("C:\Users\Kitsune\Documents\GitHub\CS5103-SMS\Documents\UserGuide\User Manual\
UserManual.toc"
LaTeX Font Info:    External font `cmex10' loaded for size
(Font)              <7> on input line 2.
LaTeX Font Info:    External font `cmex10' loaded for size
(Font)              <5> on input line 2.
)
\tf@toc=\write4
 [1

{C:/ProgramData/MiKTeX/2.9/pdftex/config/pdftex.map}]
Overfull \hbox (8.7207pt too wide) in paragraph at lines 41--42
[]\OT1/cmr/m/n/10 Begin by go-ing to []$\OT1/cmtt/m/n/10 https : / / github . c
om / kbaileyky / CS5103-[]SMS$[] \OT1/cmr/m/n/10 and down-
 []

[2] <"./Screen_shots/New_Message_Button".png, id=113, 43.66313pt x 45.16875pt>
File: "./Screen_shots/New_Message_Button".png Graphic file (type png)

<use "./Screen_shots/New_Message_Button".png>
Package pdftex.def Info: "./Screen_shots/New_Message_Button".png used on input 
line 72.
(pdftex.def)             Requested size: 28.45274pt x 29.43445pt.

Underfull \hbox (badness 10000) in paragraph at lines 73--73
[]\OT1/cmr/m/n/9 (a) |New Mes-sage
 []

<"./Screen_shots/Get_Contact_Button".png, id=115, 78.2925pt x 76.78688pt>
File: "./Screen_shots/Get_Contact_Button".png Graphic file (type png)

<use "./Screen_shots/Get_Contact_Button".png>
Package pdftex.def Info: "./Screen_shots/Get_Contact_Button".png used on input 
line 76.
(pdftex.def)             Requested size: 28.45274pt x 27.9057pt.

<"./Screen_shots/Send_Message_Button".png, id=116, 76.03406pt x 77.53969pt>
File: "./Screen_shots/Send_Message_Button".png Graphic file (type png)

<use "./Screen_shots/Send_Message_Button".png>
Package pdftex.def Info: "./Screen_shots/Send_Message_Button".png used on input
 line 81.
(pdftex.def)             Requested size: 28.45274pt x 29.01578pt.

Underfull \hbox (badness 10000) in paragraph at lines 82--82
[]\OT1/cmr/m/n/9 (c) |Send Mes-sage
 []


<"./Screen_shots/Send_Sched_Message_Button".png, id=117, 76.78688pt x 79.04532p
t>
File: "./Screen_shots/Send_Sched_Message_Button".png Graphic file (type png)
 <use "./Screen_shots/Send_Sched_Message_Button".png>
Package pdftex.def Info: "./Screen_shots/Send_Sched_Message_Button".png used on
 input line 86.
(pdftex.def)             Requested size: 28.45274pt x 29.28972pt.

Underfull \hbox (badness 1661) in paragraph at lines 87--87
[]\OT1/cmr/m/n/9 (d) |Send Sched-uled
 []

[3 <C:/Users/Kitsune/Documents/GitHub/CS5103-SMS/Documents/UserGuide/User Manua
l/Screen_shots/New_Message_Button.png> <C:/Users/Kitsune/Documents/GitHub/CS510
3-SMS/Documents/UserGuide/User Manual/Screen_shots/Get_Contact_Button.png> <C:/
Users/Kitsune/Documents/GitHub/CS5103-SMS/Documents/UserGuide/User Manual/Scree
n_shots/Send_Message_Button.png> <C:/Users/Kitsune/Documents/GitHub/CS5103-SMS/
Documents/UserGuide/User Manual/Screen_shots/Send_Sched_Message_Button.png>]
<"./Screen_shots/Main_Screen".png, id=138, 362.85562pt x 605.26125pt>
File: "./Screen_shots/Main_Screen".png Graphic file (type png)

<use "./Screen_shots/Main_Screen".png>
Package pdftex.def Info: "./Screen_shots/Main_Screen".png used on input line 10
9.
(pdftex.def)             Requested size: 86.25pt x 143.86186pt.

<"./Screen_shots/Main_Screen_menu".png, id=139, 366.61969pt x 574.39594pt>
File: "./Screen_shots/Main_Screen_menu".png Graphic file (type png)

<use "./Screen_shots/Main_Screen_menu".png>
Package pdftex.def Info: "./Screen_shots/Main_Screen_menu".png used on input li
ne 127.
(pdftex.def)             Requested size: 82.83635pt x 129.7769pt.

<"./Screen_shots/Main_Screen_Long_Press2".png, id=140, 362.85562pt x 575.90157p
t>
File: "./Screen_shots/Main_Screen_Long_Press2".png Graphic file (type png)
 <use "./Screen_shots/Main_Screen_Long_Press2".png>
Package pdftex.def Info: "./Screen_shots/Main_Screen_Long_Press2".png used on i
nput line 132.
(pdftex.def)             Requested size: 82.83635pt x 131.47037pt.


LaTeX Warning: `!h' float specifier changed to `!ht'.

[4 <C:/Users/Kitsune/Documents/GitHub/CS5103-SMS/Documents/UserGuide/User Manua
l/Screen_shots/Main_Screen.png>]
<"./Screen_shots/Scheduled_MessagE_Screen".png, id=153, 359.84438pt x 576.65437
pt>
File: "./Screen_shots/Scheduled_MessagE_Screen".png Graphic file (type png)
 <use "./Screen_shots/Scheduled_MessagE_Screen".png>
Package pdftex.def Info: "./Screen_shots/Scheduled_MessagE_Screen".png used on 
input line 155.
(pdftex.def)             Requested size: 86.25pt x 138.21509pt.

<"./Screen_shots/Scheduled_MessagE_Screen_Menu".png, id=155, 364.36125pt x 572.
1375pt>
File: "./Screen_shots/Scheduled_MessagE_Screen_Menu".png Graphic file (type png
)
 <use "./Screen_shots/Scheduled_MessagE_Screen_Menu".png>
Package pdftex.def Info: "./Screen_shots/Scheduled_MessagE_Screen_Menu".png use
d on input line 165.
(pdftex.def)             Requested size: 82.83635pt x 130.06981pt.

<"./Screen_shots/Scheduled_MessagE_Screen_Long_Press".png, id=156, 365.11406pt 
x 605.26125pt>
File: "./Screen_shots/Scheduled_MessagE_Screen_Long_Press".png Graphic file (ty
pe png)
 <use "./Screen_shots/Scheduled_MessagE_Screen_Long_Press".png>
Package pdftex.def Info: "./Screen_shots/Scheduled_MessagE_Screen_Long_Press".p
ng used on input line 170.
(pdftex.def)             Requested size: 82.83635pt x 137.31386pt.


LaTeX Warning: `!h' float specifier changed to `!ht'.

[5 <C:/Users/Kitsune/Documents/GitHub/CS5103-SMS/Documents/UserGuide/User Manua
l/Screen_shots/Main_Screen_menu.png> <C:/Users/Kitsune/Documents/GitHub/CS5103-
SMS/Documents/UserGuide/User Manual/Screen_shots/Main_Screen_Long_Press2.png> <
C:/Users/Kitsune/Documents/GitHub/CS5103-SMS/Documents/UserGuide/User Manual/Sc
reen_shots/Scheduled_MessagE_Screen.png>]
<"./Screen_shots/Settings_Screen".png, id=166, 359.84438pt x 603.0028pt>
File: "./Screen_shots/Settings_Screen".png Graphic file (type png)

<use "./Screen_shots/Settings_Screen".png>
Package pdftex.def Info: "./Screen_shots/Settings_Screen".png used on input lin
e 190.
(pdftex.def)             Requested size: 86.25pt x 144.5304pt.

<"./Screen_shots/Search_Screen".png, id=167, 364.36125pt x 603.75563pt>
File: "./Screen_shots/Search_Screen".png Graphic file (type png)

<use "./Screen_shots/Search_Screen".png>
Package pdftex.def Info: "./Screen_shots/Search_Screen".png used on input line 
204.
(pdftex.def)             Requested size: 86.25pt x 142.9144pt.


LaTeX Warning: `!h' float specifier changed to `!ht'.

[6 <C:/Users/Kitsune/Documents/GitHub/CS5103-SMS/Documents/UserGuide/User Manua
l/Screen_shots/Scheduled_MessagE_Screen_Menu.png> <C:/Users/Kitsune/Documents/G
itHub/CS5103-SMS/Documents/UserGuide/User Manual/Screen_shots/Scheduled_MessagE
_Screen_Long_Press.png> <C:/Users/Kitsune/Documents/GitHub/CS5103-SMS/Documents
/UserGuide/User Manual/Screen_shots/Settings_Screen.png>]
<"./Screen_shots/Send_Message_Screen2".png, id=178, 361.35pt x 573.64313pt>
File: "./Screen_shots/Send_Message_Screen2".png Graphic file (type png)

<use "./Screen_shots/Send_Message_Screen2".png>
Package pdftex.def Info: "./Screen_shots/Send_Message_Screen2".png used on inpu
t line 221.
(pdftex.def)             Requested size: 86.25pt x 136.91563pt.

<"./Screen_shots/Auto_Fill_Send_Msg".png, id=181, 362.85562pt x 222.07968pt>
File: "./Screen_shots/Auto_Fill_Send_Msg".png Graphic file (type png)

<use "./Screen_shots/Auto_Fill_Send_Msg".png>
Package pdftex.def Info: "./Screen_shots/Auto_Fill_Send_Msg".png used on input 
line 231.
(pdftex.def)             Requested size: 86.25pt x 52.78513pt.


LaTeX Warning: `!h' float specifier changed to `!ht'.

[7 <C:/Users/Kitsune/Documents/GitHub/CS5103-SMS/Documents/UserGuide/User Manua
l/Screen_shots/Search_Screen.png> <C:/Users/Kitsune/Documents/GitHub/CS5103-SMS
/Documents/UserGuide/User Manual/Screen_shots/Send_Message_Screen2.png>]
<"./Screen_shots/Schedule_Message_Popup".png, id=191, 359.09157pt x 300.3722pt>
File: "./Screen_shots/Schedule_Message_Popup".png Graphic file (type png)
<use "./Screen_shots/Schedule_Message_Popup".png>
Package pdftex.def Info: "./Screen_shots/Schedule_Message_Popup".png used on in
put line 244.
(pdftex.def)             Requested size: 86.25pt x 72.14578pt.
 [8 <C:/Users/Kitsune/Documents/GitHub/CS5103-SMS/Documents/UserGuide/User Manu
al/Screen_shots/Auto_Fill_Send_Msg.png> <C:/Users/Kitsune/Documents/GitHub/CS51
03-SMS/Documents/UserGuide/User Manual/Screen_shots/Schedule_Message_Popup.png>
]
<"./Screen_shots/Conversation_Screen".png, id=200, 363.60844pt x 605.26125pt>
File: "./Screen_shots/Conversation_Screen".png Graphic file (type png)

<use "./Screen_shots/Conversation_Screen".png>
Package pdftex.def Info: "./Screen_shots/Conversation_Screen".png used on input
 line 263.
(pdftex.def)             Requested size: 86.25pt x 143.56631pt.

<"./Screen_shots/Conversation_Long_Press".png, id=202, 362.10281pt x 603.0028pt
>
File: "./Screen_shots/Conversation_Long_Press".png Graphic file (type png)
 <use "./Screen_shots/Conversation_Long_Press".png>
Package pdftex.def Info: "./Screen_shots/Conversation_Long_Press".png used on i
nput line 282.
(pdftex.def)             Requested size: 86.25pt x 143.6287pt.


LaTeX Warning: `!h' float specifier changed to `!ht'.


<"./Screen_shots/Conversation_scheduled_message".png, id=203, 353.82187pt x 314
.67563pt>
File: "./Screen_shots/Conversation_scheduled_message".png Graphic file (type pn
g)
 <use "./Screen_shots/Conversation_scheduled_message".png>
Package pdftex.def Info: "./Screen_shots/Conversation_scheduled_message".png us
ed on input line 293.
(pdftex.def)             Requested size: 86.25pt x 76.70486pt.


LaTeX Warning: `!h' float specifier changed to `!ht'.

[9 <C:/Users/Kitsune/Documents/GitHub/CS5103-SMS/Documents/UserGuide/User Manua
l/Screen_shots/Conversation_Screen.png>]
<"./Screen_shots/View_Individual_message".png, id=210, 363.60844pt x 603.75563p
t>
File: "./Screen_shots/View_Individual_message".png Graphic file (type png)
 <use "./Screen_shots/View_Individual_message".png>
Package pdftex.def Info: "./Screen_shots/View_Individual_message".png used on i
nput line 305.
(pdftex.def)             Requested size: 86.25pt x 143.2092pt.
 [10 <C:/Users/Kitsune/Documents/GitHub/CS5103-SMS/Documents/UserGuide/User Man
ual/Screen_shots/Conversation_Long_Press.png> <C:/Users/Kitsune/Documents/GitHu
b/CS5103-SMS/Documents/UserGuide/User Manual/Screen_shots/Conversation_schedule
d_message.png> <C:/Users/Kitsune/Documents/GitHub/CS5103-SMS/Documents/UserGuid
e/User Manual/Screen_shots/View_Individual_message.png>]
<"./Screen_shots/View_Individual_message_Menu".png, id=222, 360.59718pt x 598.4
8593pt>
File: "./Screen_shots/View_Individual_message_Menu".png Graphic file (type png)

 <use "./Screen_shots/View_Individual_message_Menu".png>
Package pdftex.def Info: "./Screen_shots/View_Individual_message_Menu".png used
 on input line 320.
(pdftex.def)             Requested size: 86.25pt x 143.14642pt.
Package atveryend Info: Empty hook `BeforeClearDocument' on input line 334.
 [11 <C:/Users/Kitsune/Documents/GitHub/CS5103-SMS/Documents/UserGuide/User Man
ual/Screen_shots/View_Individual_message_Menu.png>]
Package atveryend Info: Empty hook `AfterLastShipout' on input line 334.

("C:\Users\Kitsune\Documents\GitHub\CS5103-SMS\Documents\UserGuide\User Manual\
UserManual.aux")
Package atveryend Info: Executing hook `AtVeryEndDocument' on input line 334.
Package atveryend Info: Executing hook `AtEndAfterFileList' on input line 334.
Package rerunfilecheck Info: File `UserManual.out' has not changed.
(rerunfilecheck)             Checksum: E01CB9C5A822D448DCF2D32241386F2A;1208.
Package atveryend Info: Empty hook `AtVeryVeryEnd' on input line 334.
 ) 
Here is how much of TeX's memory you used:
 6221 strings out of 493921
 99172 string characters out of 3147277
 173813 words of memory out of 3000000
 9421 multiletter control sequences out of 15000+200000
 8362 words of font info for 30 fonts, out of 3000000 for 9000
 841 hyphenation exceptions out of 8191
 36i,7n,38p,552b,452s stack positions out of 5000i,500n,10000p,200000b,50000s
<C:/Program Files/MiKTeX 2.9/fonts/type1/public/amsfonts/cm/cmbx10.pfb><C:/Pr
ogram Files/MiKTeX 2.9/fonts/type1/public/amsfonts/cm/cmbx12.pfb><C:/Program Fi
les/MiKTeX 2.9/fonts/type1/public/amsfonts/cm/cmr10.pfb><C:/Program Files/MiKTe
X 2.9/fonts/type1/public/amsfonts/cm/cmr12.pfb><C:/Program Files/MiKTeX 2.9/fon
ts/type1/public/amsfonts/cm/cmr17.pfb><C:/Program Files/MiKTeX 2.9/fonts/type1/
public/amsfonts/cm/cmr9.pfb><C:/Program Files/MiKTeX 2.9/fonts/type1/public/ams
fonts/cm/cmtt10.pfb>
Output written on UserManual.pdf (11 pages, 472759 bytes).
PDF statistics:
 269 PDF objects out of 1000 (max. 8388607)
 56 named destinations out of 1000 (max. 500000)
 245 words of extra memory for PDF output out of 10000 (max. 10000000)

